PagerSlidingTabStripLibrary/build/outputs/logs/manifest-merger-debug-report.txt
-- Merging decision tree log ---
manifest
ADDED from NewsApp-master\PagerSlidingTabStripLibrary\AndroidManifest.xml:1:1-5:12
INJECTED from NewsApp-master\PagerSlidingTabStripLibrary\AndroidManifest.xml:1:1-5:12
INJECTED from NewsApp-master\PagerSlidingTabStripLibrary\AndroidManifest.xml:1:1-5:12
	package
		ADDED from NewsApp-master\PagerSlidingTabStripLibrary\AndroidManifest.xml:2:5-47
		INJECTED from NewsApp-master\PagerSlidingTabStripLibrary\AndroidManifest.xml
		INJECTED from NewsApp-master\PagerSlidingTabStripLibrary\AndroidManifest.xml
	xmlns:android
		ADDED from NewsApp-master\PagerSlidingTabStripLibrary\AndroidManifest.xml:1:11-69
application
ADDED from NewsApp-master\PagerSlidingTabStripLibrary\AndroidManifest.xml:4:5-20
uses-sdk
INJECTED from NewsApp-master\PagerSlidingTabStripLibrary\AndroidManifest.xml reason: use-sdk injection requested
INJECTED from NewsApp-master\PagerSlidingTabStripLibrary\AndroidManifest.xml
INJECTED from NewsApp-master\PagerSlidingTabStripLibrary\AndroidManifest.xml
INJECTED from NewsApp-master\PagerSlidingTabStripLibrary\AndroidManifest.xml
INJECTED from NewsApp-master\PagerSlidingTabStripLibrary\AndroidManifest.xml
	android:targetSdkVersion
		INJECTED from NewsApp-master\PagerSlidingTabStripLibrary\AndroidManifest.xml
		ADDED from NewsApp-master\PagerSlidingTabStripLibrary\AndroidManifest.xml
		INJECTED from NewsApp-master\PagerSlidingTabStripLibrary\AndroidManifest.xml
	android:minSdkVersion
		INJECTED from NewsApp-master\PagerSlidingTabStripLibrary\AndroidManifest.xml
		ADDED from NewsApp-master\PagerSlidingTabStripLibrary\AndroidManifest.xml
		INJECTED from NewsApp-master\PagerSlidingTabStripLibrary\AndroidManifest.xml